<?xml version="1.0" encoding="UTF-8"?>
<testsuite name="apilib.hr.LibraryTest" tests="1" skipped="0" failures="0" errors="0" timestamp="2022-07-27T10:34:44" hostname="huyvv-Latitude-5490" time="0.016">
  <properties/>
  <testcase name="someLibraryMethodReturnsTrue()" classname="apilib.hr.LibraryTest" time="0.016"/>
  <system-out><![CDATA[]]></system-out>
  <system-err><![CDATA[]]></system-err>
</testsuite>
